2021-03-12 15:03:06,726 INFO o.a.j.u.JMeterUtils: Setting Locale to en_EN
2021-03-12 15:03:06,746 INFO o.a.j.JMeter: Loading user properties from: /opt/apache-jmeter-5.4.1/bin/user.properties
2021-03-12 15:03:06,747 INFO o.a.j.JMeter: Loading system properties from: /opt/apache-jmeter-5.4.1/bin/system.properties
2021-03-12 15:03:06,753 INFO o.a.j.JMeter: Copyright (c) 1998-2021 The Apache Software Foundation
2021-03-12 15:03:06,753 INFO o.a.j.JMeter: Version 5.4.1
2021-03-12 15:03:06,753 INFO o.a.j.JMeter: java.version=11.0.10
2021-03-12 15:03:06,753 INFO o.a.j.JMeter: java.vm.name=OpenJDK 64-Bit Server VM
2021-03-12 15:03:06,753 INFO o.a.j.JMeter: os.name=Linux
2021-03-12 15:03:06,754 INFO o.a.j.JMeter: os.arch=amd64
2021-03-12 15:03:06,754 INFO o.a.j.JMeter: os.version=5.8.0-41-generic
2021-03-12 15:03:06,754 INFO o.a.j.JMeter: file.encoding=UTF-8
2021-03-12 15:03:06,754 INFO o.a.j.JMeter: java.awt.headless=null
2021-03-12 15:03:06,754 INFO o.a.j.JMeter: Max memory     =1073741824
2021-03-12 15:03:06,754 INFO o.a.j.JMeter: Available Processors =2
2021-03-12 15:03:06,764 INFO o.a.j.JMeter: Default Locale=English (EN)
2021-03-12 15:03:06,764 INFO o.a.j.JMeter: JMeter  Locale=English (EN)
2021-03-12 15:03:06,764 INFO o.a.j.JMeter: JMeterHome=/opt/apache-jmeter-5.4.1
2021-03-12 15:03:06,764 INFO o.a.j.JMeter: user.dir  =/home/toddb/spring-petclinic
2021-03-12 15:03:06,764 INFO o.a.j.JMeter: PWD       =/home/toddb/spring-petclinic
2021-03-12 15:03:06,765 INFO o.a.j.JMeter: IP: 127.0.1.1 Name: INS-CS-09 FullName: INS-CS-09.livefire.lab
2021-03-12 15:03:07,017 INFO o.a.j.JMeter: Setting LAF to: com.github.weisj.darklaf.DarkLaf:com.github.weisj.darklaf.theme.DarculaTheme
2021-03-12 15:03:07,516 INFO o.a.j.JMeter: Loaded icon properties from org/apache/jmeter/images/icon.properties
2021-03-12 15:03:09,367 INFO o.j.r.JARSourceHTTP: Found cached repo
2021-03-12 15:03:09,633 INFO o.j.r.PluginManager: Plugins Status: [jpgc-casutg=2.9, jpgc-plugins-manager=1.6, jmeter-core=5.4.1, jmeter-ftp=5.4.1, jmeter-http=5.4.1, jmeter-jdbc=5.4.1, jmeter-jms=5.4.1, jmeter-junit=5.4.1, jmeter-java=5.4.1, jmeter-ldap=5.4.1, jmeter-mail=5.4.1, jmeter-mongodb=5.4.1, jmeter-native=5.4.1, jmeter-tcp=5.4.1, jmeter-components=5.4.1]
2021-03-12 15:03:09,692 INFO o.a.j.JMeter: Loading file: ./jmeter/petclinic_test_plan.jmx
2021-03-12 15:03:09,703 INFO o.a.j.s.FileServer: Default base='/home/toddb/spring-petclinic'
2021-03-12 15:03:09,710 INFO o.a.j.s.FileServer: Set new base='/home/toddb/spring-petclinic/./jmeter'
2021-03-12 15:03:10,142 INFO o.a.j.s.SaveService: Testplan (JMX) version: 2.2. Testlog (JTL) version: 2.2
2021-03-12 15:03:10,157 INFO o.a.j.s.SaveService: Using SaveService properties version 5.0
2021-03-12 15:03:10,159 INFO o.a.j.s.SaveService: Using SaveService properties file encoding UTF-8
2021-03-12 15:03:10,162 INFO o.a.j.s.SaveService: Loading file: ./jmeter/petclinic_test_plan.jmx
2021-03-12 15:03:10,446 INFO o.a.j.p.h.s.HTTPSamplerBase: Parser for text/html is org.apache.jmeter.protocol.http.parser.LagartoBasedHtmlParser
2021-03-12 15:03:10,460 INFO o.a.j.p.h.s.HTTPSamplerBase: Parser for application/xhtml+xml is org.apache.jmeter.protocol.http.parser.LagartoBasedHtmlParser
2021-03-12 15:03:10,461 INFO o.a.j.p.h.s.HTTPSamplerBase: Parser for application/xml is org.apache.jmeter.protocol.http.parser.LagartoBasedHtmlParser
2021-03-12 15:03:10,462 INFO o.a.j.p.h.s.HTTPSamplerBase: Parser for text/xml is org.apache.jmeter.protocol.http.parser.LagartoBasedHtmlParser
2021-03-12 15:03:10,464 INFO o.a.j.p.h.s.HTTPSamplerBase: Parser for text/vnd.wap.wml is org.apache.jmeter.protocol.http.parser.RegexpHTMLParser
2021-03-12 15:03:10,465 INFO o.a.j.p.h.s.HTTPSamplerBase: Parser for text/css is org.apache.jmeter.protocol.http.parser.CssParser
2021-03-12 15:03:10,862 INFO o.a.j.s.FileServer: Set new base='/home/toddb/spring-petclinic/./jmeter'
2021-03-12 15:03:11,140 INFO o.a.j.e.u.CompoundVariable: Note: Function class names must contain the string: '.functions.'
2021-03-12 15:03:11,146 INFO o.a.j.e.u.CompoundVariable: Note: Function class names must not contain the string: '.gui.'
2021-03-12 15:03:11,647 INFO o.a.j.s.SampleResult: Note: Sample TimeStamps are START times
2021-03-12 15:03:11,647 INFO o.a.j.s.SampleResult: sampleresult.default.encoding is set to ISO-8859-1
2021-03-12 15:03:11,647 INFO o.a.j.s.SampleResult: sampleresult.useNanoTime=true
2021-03-12 15:03:11,647 INFO o.a.j.s.SampleResult: sampleresult.nanoThreadSleep=5000
2021-03-12 15:03:11,803 INFO o.a.j.v.ViewResultsFullVisualizer: Add JavaFX to your Java installation if you want to use renderer: org.apache.jmeter.visualizers.RenderInBrowser
2021-03-12 15:03:19,865 INFO o.a.j.e.StandardJMeterEngine: Running the test!
2021-03-12 15:03:19,873 INFO o.a.j.s.SampleEvent: List of sample_variables: []
2021-03-12 15:03:19,873 INFO o.a.j.s.SampleEvent: List of sample_variables: []
2021-03-12 15:03:19,880 INFO o.a.j.g.u.JMeterMenuBar: setRunning(true, *local*)
2021-03-12 15:03:19,968 INFO o.a.j.e.StandardJMeterEngine: Starting ThreadGroup: 1 : jp@gc - Ultimate Thread Group
2021-03-12 15:03:19,969 INFO o.a.j.e.StandardJMeterEngine: Starting 100 threads for group jp@gc - Ultimate Thread Group.
2021-03-12 15:03:19,969 INFO o.a.j.e.StandardJMeterEngine: Thread will continue on error
2021-03-12 15:03:19,969 INFO k.a.j.t.AbstractSimpleThreadGroup: Starting thread group number 1 threads 100
2021-03-12 15:03:19,979 INFO o.a.j.t.JMeterThread: Thread started: jp@gc - Ultimate Thread Group 1-2
2021-03-12 15:03:20,001 INFO o.a.j.t.JMeterThread: Thread started: jp@gc - Ultimate Thread Group 1-4
2021-03-12 15:03:20,002 INFO o.a.j.t.JMeterThread: Thread started: jp@gc - Ultimate Thread Group 1-1
2021-03-12 15:03:20,002 INFO o.a.j.t.JMeterThread: Thread started: jp@gc - Ultimate Thread Group 1-5
2021-03-12 15:03:20,004 INFO o.a.j.t.JMeterThread: Thread started: jp@gc - Ultimate Thread Group 1-3
2021-03-12 15:03:20,005 INFO o.a.j.t.JMeterThread: Thread started: jp@gc - Ultimate Thread Group 1-6
2021-03-12 15:03:20,007 INFO o.a.j.t.JMeterThread: Thread started: jp@gc - Ultimate Thread Group 1-9
2021-03-12 15:03:20,010 INFO o.a.j.t.JMeterThread: Thread started: jp@gc - Ultimate Thread Group 1-8
2021-03-12 15:03:20,016 INFO o.a.j.t.JMeterThread: Thread started: jp@gc - Ultimate Thread Group 1-10
2021-03-12 15:03:20,018 INFO o.a.j.t.JMeterThread: Thread started: jp@gc - Ultimate Thread Group 1-7
2021-03-12 15:03:20,026 INFO o.a.j.t.JMeterThread: Thread started: jp@gc - Ultimate Thread Group 1-11
2021-03-12 15:03:20,030 INFO o.a.j.t.JMeterThread: Thread started: jp@gc - Ultimate Thread Group 1-12
2021-03-12 15:03:20,038 INFO o.a.j.t.JMeterThread: Thread started: jp@gc - Ultimate Thread Group 1-13
2021-03-12 15:03:20,043 INFO o.a.j.t.JMeterThread: Thread started: jp@gc - Ultimate Thread Group 1-14
2021-03-12 15:03:20,057 INFO o.a.j.t.JMeterThread: Thread started: jp@gc - Ultimate Thread Group 1-15
2021-03-12 15:03:20,060 INFO o.a.j.t.JMeterThread: Thread started: jp@gc - Ultimate Thread Group 1-16
2021-03-12 15:03:20,065 INFO o.a.j.t.JMeterThread: Thread started: jp@gc - Ultimate Thread Group 1-17
2021-03-12 15:03:20,072 INFO o.a.j.t.JMeterThread: Thread started: jp@gc - Ultimate Thread Group 1-18
2021-03-12 15:03:20,076 INFO o.a.j.t.JMeterThread: Thread started: jp@gc - Ultimate Thread Group 1-19
2021-03-12 15:03:20,080 INFO o.a.j.t.JMeterThread: Thread started: jp@gc - Ultimate Thread Group 1-20
2021-03-12 15:03:20,085 INFO o.a.j.t.JMeterThread: Thread started: jp@gc - Ultimate Thread Group 1-21
2021-03-12 15:03:20,095 INFO o.a.j.t.JMeterThread: Thread started: jp@gc - Ultimate Thread Group 1-23
2021-03-12 15:03:20,096 INFO o.a.j.t.JMeterThread: Thread started: jp@gc - Ultimate Thread Group 1-22
2021-03-12 15:03:20,103 INFO o.a.j.t.JMeterThread: Thread started: jp@gc - Ultimate Thread Group 1-24
2021-03-12 15:03:20,108 INFO o.a.j.t.JMeterThread: Thread started: jp@gc - Ultimate Thread Group 1-25
2021-03-12 15:03:20,117 INFO o.a.j.p.h.s.HTTPHCAbstractImpl: Local host = INS-CS-09
2021-03-12 15:03:20,120 INFO o.a.j.t.JMeterThread: Thread started: jp@gc - Ultimate Thread Group 1-26
2021-03-12 15:03:20,128 INFO o.a.j.t.JMeterThread: Thread started: jp@gc - Ultimate Thread Group 1-27
2021-03-12 15:03:20,133 INFO o.a.j.p.h.s.HTTPHC4Impl: HTTP request retry count = 0
2021-03-12 15:03:20,138 INFO o.a.j.t.JMeterThread: Thread started: jp@gc - Ultimate Thread Group 1-28
2021-03-12 15:03:20,145 INFO o.a.j.t.JMeterThread: Thread started: jp@gc - Ultimate Thread Group 1-29
2021-03-12 15:03:20,151 INFO o.a.j.t.JMeterThread: Thread started: jp@gc - Ultimate Thread Group 1-30
2021-03-12 15:03:20,159 INFO o.a.j.t.JMeterThread: Thread started: jp@gc - Ultimate Thread Group 1-31
2021-03-12 15:03:20,166 INFO o.a.j.t.JMeterThread: Thread started: jp@gc - Ultimate Thread Group 1-32
2021-03-12 15:03:20,179 INFO o.a.j.t.JMeterThread: Thread started: jp@gc - Ultimate Thread Group 1-33
2021-03-12 15:03:20,186 INFO o.a.j.t.JMeterThread: Thread started: jp@gc - Ultimate Thread Group 1-34
2021-03-12 15:03:20,192 INFO o.a.j.t.JMeterThread: Thread started: jp@gc - Ultimate Thread Group 1-35
2021-03-12 15:03:20,199 INFO o.a.j.t.JMeterThread: Thread started: jp@gc - Ultimate Thread Group 1-36
2021-03-12 15:03:20,204 INFO o.a.j.t.JMeterThread: Thread started: jp@gc - Ultimate Thread Group 1-37
2021-03-12 15:03:20,207 INFO o.a.j.t.JMeterThread: Thread started: jp@gc - Ultimate Thread Group 1-38
2021-03-12 15:03:20,226 INFO o.a.j.t.JMeterThread: Thread started: jp@gc - Ultimate Thread Group 1-40
2021-03-12 15:03:20,251 INFO o.a.j.t.JMeterThread: Thread started: jp@gc - Ultimate Thread Group 1-42
2021-03-12 15:03:20,241 INFO o.a.j.t.JMeterThread: Thread started: jp@gc - Ultimate Thread Group 1-39
2021-03-12 15:03:20,257 INFO o.a.j.t.JMeterThread: Thread started: jp@gc - Ultimate Thread Group 1-41
2021-03-12 15:03:20,261 INFO o.a.j.t.JMeterThread: Thread started: jp@gc - Ultimate Thread Group 1-43
2021-03-12 15:03:20,264 INFO o.a.j.t.JMeterThread: Thread started: jp@gc - Ultimate Thread Group 1-44
2021-03-12 15:03:20,267 INFO o.a.j.t.JMeterThread: Thread started: jp@gc - Ultimate Thread Group 1-45
2021-03-12 15:03:20,270 INFO o.a.j.t.JMeterThread: Thread started: jp@gc - Ultimate Thread Group 1-46
2021-03-12 15:03:20,273 INFO o.a.j.t.JMeterThread: Thread started: jp@gc - Ultimate Thread Group 1-47
2021-03-12 15:03:20,276 INFO o.a.j.t.JMeterThread: Thread started: jp@gc - Ultimate Thread Group 1-48
2021-03-12 15:03:20,281 INFO o.a.j.t.JMeterThread: Thread started: jp@gc - Ultimate Thread Group 1-49
2021-03-12 15:03:20,284 INFO o.a.j.t.JMeterThread: Thread started: jp@gc - Ultimate Thread Group 1-50
2021-03-12 15:03:20,289 INFO o.a.j.t.JMeterThread: Thread started: jp@gc - Ultimate Thread Group 1-51
2021-03-12 15:03:20,297 INFO o.a.j.t.JMeterThread: Thread started: jp@gc - Ultimate Thread Group 1-52
2021-03-12 15:03:20,301 INFO o.a.j.t.JMeterThread: Thread started: jp@gc - Ultimate Thread Group 1-53
2021-03-12 15:03:20,308 INFO o.a.j.t.JMeterThread: Thread started: jp@gc - Ultimate Thread Group 1-54
2021-03-12 15:03:20,312 INFO o.a.j.t.JMeterThread: Thread started: jp@gc - Ultimate Thread Group 1-55
2021-03-12 15:03:20,320 INFO o.a.j.t.JMeterThread: Thread started: jp@gc - Ultimate Thread Group 1-56
2021-03-12 15:03:20,324 INFO o.a.j.t.JMeterThread: Thread started: jp@gc - Ultimate Thread Group 1-57
2021-03-12 15:03:20,330 INFO o.a.j.t.JMeterThread: Thread started: jp@gc - Ultimate Thread Group 1-58
2021-03-12 15:03:20,336 INFO o.a.j.t.JMeterThread: Thread started: jp@gc - Ultimate Thread Group 1-59
2021-03-12 15:03:20,338 INFO o.a.j.t.JMeterThread: Thread started: jp@gc - Ultimate Thread Group 1-60
2021-03-12 15:03:20,341 INFO o.a.j.t.JMeterThread: Thread started: jp@gc - Ultimate Thread Group 1-61
2021-03-12 15:03:20,349 INFO o.a.j.t.JMeterThread: Thread started: jp@gc - Ultimate Thread Group 1-62
2021-03-12 15:03:20,356 INFO o.a.j.t.JMeterThread: Thread started: jp@gc - Ultimate Thread Group 1-63
2021-03-12 15:03:20,368 INFO o.a.j.t.JMeterThread: Thread started: jp@gc - Ultimate Thread Group 1-64
2021-03-12 15:03:20,372 INFO o.a.j.t.JMeterThread: Thread started: jp@gc - Ultimate Thread Group 1-65
2021-03-12 15:03:20,379 INFO o.a.j.t.JMeterThread: Thread started: jp@gc - Ultimate Thread Group 1-66
2021-03-12 15:03:20,385 INFO o.a.j.t.JMeterThread: Thread started: jp@gc - Ultimate Thread Group 1-67
2021-03-12 15:03:20,392 INFO o.a.j.t.JMeterThread: Thread started: jp@gc - Ultimate Thread Group 1-68
2021-03-12 15:03:20,405 INFO o.a.j.t.JMeterThread: Thread started: jp@gc - Ultimate Thread Group 1-70
2021-03-12 15:03:20,413 INFO o.a.j.t.JMeterThread: Thread started: jp@gc - Ultimate Thread Group 1-71
2021-03-12 15:03:20,420 INFO o.a.j.t.JMeterThread: Thread started: jp@gc - Ultimate Thread Group 1-72
2021-03-12 15:03:20,424 INFO o.a.j.t.JMeterThread: Thread started: jp@gc - Ultimate Thread Group 1-73
2021-03-12 15:03:20,429 INFO o.a.j.t.JMeterThread: Thread started: jp@gc - Ultimate Thread Group 1-74
2021-03-12 15:03:20,436 INFO o.a.j.t.JMeterThread: Thread started: jp@gc - Ultimate Thread Group 1-69
2021-03-12 15:03:20,453 INFO o.a.j.t.JMeterThread: Thread started: jp@gc - Ultimate Thread Group 1-76
2021-03-12 15:03:20,463 INFO o.a.j.t.JMeterThread: Thread started: jp@gc - Ultimate Thread Group 1-77
2021-03-12 15:03:20,466 INFO o.a.j.t.JMeterThread: Thread started: jp@gc - Ultimate Thread Group 1-78
2021-03-12 15:03:20,469 INFO o.a.j.t.JMeterThread: Thread started: jp@gc - Ultimate Thread Group 1-79
2021-03-12 15:03:20,476 INFO o.a.j.t.JMeterThread: Thread started: jp@gc - Ultimate Thread Group 1-80
2021-03-12 15:03:20,487 INFO o.a.j.t.JMeterThread: Thread started: jp@gc - Ultimate Thread Group 1-75
2021-03-12 15:03:20,493 INFO o.a.j.t.JMeterThread: Thread started: jp@gc - Ultimate Thread Group 1-81
2021-03-12 15:03:20,504 INFO o.a.j.t.JMeterThread: Thread started: jp@gc - Ultimate Thread Group 1-82
2021-03-12 15:03:20,508 INFO o.a.j.t.JMeterThread: Thread started: jp@gc - Ultimate Thread Group 1-83
2021-03-12 15:03:20,517 INFO o.a.j.t.JMeterThread: Thread started: jp@gc - Ultimate Thread Group 1-84
2021-03-12 15:03:20,520 INFO o.a.j.t.JMeterThread: Thread started: jp@gc - Ultimate Thread Group 1-85
2021-03-12 15:03:20,528 INFO o.a.j.t.JMeterThread: Thread started: jp@gc - Ultimate Thread Group 1-86
2021-03-12 15:03:20,541 INFO o.a.j.t.JMeterThread: Thread started: jp@gc - Ultimate Thread Group 1-87
2021-03-12 15:03:20,549 INFO o.a.j.t.JMeterThread: Thread started: jp@gc - Ultimate Thread Group 1-88
2021-03-12 15:03:20,556 INFO o.a.j.t.JMeterThread: Thread started: jp@gc - Ultimate Thread Group 1-89
2021-03-12 15:03:20,561 INFO o.a.j.t.JMeterThread: Thread started: jp@gc - Ultimate Thread Group 1-90
2021-03-12 15:03:20,565 INFO o.a.j.t.JMeterThread: Thread started: jp@gc - Ultimate Thread Group 1-91
2021-03-12 15:03:20,581 INFO o.a.j.t.JMeterThread: Thread started: jp@gc - Ultimate Thread Group 1-92
2021-03-12 15:03:20,595 INFO o.a.j.t.JMeterThread: Thread started: jp@gc - Ultimate Thread Group 1-93
2021-03-12 15:03:20,596 INFO o.a.j.t.JMeterThread: Thread started: jp@gc - Ultimate Thread Group 1-94
2021-03-12 15:03:20,600 INFO o.a.j.t.JMeterThread: Thread started: jp@gc - Ultimate Thread Group 1-95
2021-03-12 15:03:20,603 INFO o.a.j.t.JMeterThread: Thread started: jp@gc - Ultimate Thread Group 1-96
2021-03-12 15:03:20,612 INFO o.a.j.t.JMeterThread: Thread started: jp@gc - Ultimate Thread Group 1-97
2021-03-12 15:03:20,615 INFO o.a.j.t.JMeterThread: Thread started: jp@gc - Ultimate Thread Group 1-98
2021-03-12 15:03:20,632 INFO o.a.j.t.JMeterThread: Thread started: jp@gc - Ultimate Thread Group 1-99
2021-03-12 15:03:20,636 INFO k.a.j.t.AbstractSimpleThreadGroup: Started thread group number 1
2021-03-12 15:03:20,636 INFO o.a.j.e.StandardJMeterEngine: All thread groups have been started
2021-03-12 15:03:20,637 INFO o.a.j.t.JMeterThread: Thread started: jp@gc - Ultimate Thread Group 1-100
2021-03-12 15:03:25,104 INFO o.a.j.u.JsseSSLManager: Using default SSL protocol: TLS
2021-03-12 15:03:25,104 INFO o.a.j.u.JsseSSLManager: SSL session context: per-thread
2021-03-12 15:04:51,601 INFO o.a.j.g.a.Start: Stopping test
2021-03-12 15:04:51,625 INFO o.a.j.t.JMeterThread: Stopping: jp@gc - Ultimate Thread Group 1-35
2021-03-12 15:04:51,627 INFO o.a.j.t.JMeterThread: Stopping: jp@gc - Ultimate Thread Group 1-18
2021-03-12 15:04:51,627 WARN o.a.j.t.JMeterThread: The delay timer was interrupted - probably did not wait as long as intended.
2021-03-12 15:04:51,627 INFO o.a.j.t.JMeterThread: Thread finished: jp@gc - Ultimate Thread Group 1-35
2021-03-12 15:04:51,648 WARN o.a.j.t.JMeterThread: The delay timer was interrupted - probably did not wait as long as intended.
2021-03-12 15:04:51,648 INFO o.a.j.t.JMeterThread: Thread finished: jp@gc - Ultimate Thread Group 1-18
2021-03-12 15:04:51,656 INFO o.a.j.t.JMeterThread: Stopping: jp@gc - Ultimate Thread Group 1-67
2021-03-12 15:04:51,657 INFO o.a.j.t.JMeterThread: Stopping: jp@gc - Ultimate Thread Group 1-85
2021-03-12 15:04:51,657 WARN o.a.j.t.JMeterThread: The delay timer was interrupted - probably did not wait as long as intended.
2021-03-12 15:04:51,658 INFO o.a.j.t.JMeterThread: Thread finished: jp@gc - Ultimate Thread Group 1-67
2021-03-12 15:04:51,659 WARN o.a.j.t.JMeterThread: The delay timer was interrupted - probably did not wait as long as intended.
2021-03-12 15:04:51,659 INFO o.a.j.t.JMeterThread: Thread finished: jp@gc - Ultimate Thread Group 1-85
2021-03-12 15:04:51,661 INFO o.a.j.t.JMeterThread: Stopping: jp@gc - Ultimate Thread Group 1-80
2021-03-12 15:04:51,661 INFO o.a.j.t.JMeterThread: Stopping: jp@gc - Ultimate Thread Group 1-48
2021-03-12 15:04:51,662 WARN o.a.j.t.JMeterThread: The delay timer was interrupted - probably did not wait as long as intended.
2021-03-12 15:04:51,662 WARN o.a.j.t.JMeterThread: The delay timer was interrupted - probably did not wait as long as intended.
2021-03-12 15:04:51,662 INFO o.a.j.t.JMeterThread: Thread finished: jp@gc - Ultimate Thread Group 1-48
2021-03-12 15:04:51,662 INFO o.a.j.t.JMeterThread: Thread finished: jp@gc - Ultimate Thread Group 1-80
2021-03-12 15:04:51,665 INFO o.a.j.t.JMeterThread: Stopping: jp@gc - Ultimate Thread Group 1-83
2021-03-12 15:04:51,665 INFO o.a.j.t.JMeterThread: Stopping: jp@gc - Ultimate Thread Group 1-84
2021-03-12 15:04:51,665 INFO o.a.j.t.JMeterThread: Stopping: jp@gc - Ultimate Thread Group 1-24
2021-03-12 15:04:51,665 WARN o.a.j.t.JMeterThread: The delay timer was interrupted - probably did not wait as long as intended.
2021-03-12 15:04:51,665 INFO o.a.j.t.JMeterThread: Stopping: jp@gc - Ultimate Thread Group 1-89
2021-03-12 15:04:51,665 INFO o.a.j.t.JMeterThread: Stopping: jp@gc - Ultimate Thread Group 1-21
2021-03-12 15:04:51,665 WARN o.a.j.t.JMeterThread: The delay timer was interrupted - probably did not wait as long as intended.
2021-03-12 15:04:51,666 WARN o.a.j.t.JMeterThread: The delay timer was interrupted - probably did not wait as long as intended.
2021-03-12 15:04:51,666 WARN o.a.j.t.JMeterThread: The delay timer was interrupted - probably did not wait as long as intended.
2021-03-12 15:04:51,666 INFO o.a.j.t.JMeterThread: Thread finished: jp@gc - Ultimate Thread Group 1-21
2021-03-12 15:04:51,666 INFO o.a.j.t.JMeterThread: Thread finished: jp@gc - Ultimate Thread Group 1-24
2021-03-12 15:04:51,667 WARN o.a.j.t.JMeterThread: The delay timer was interrupted - probably did not wait as long as intended.
2021-03-12 15:04:51,668 INFO o.a.j.t.JMeterThread: Thread finished: jp@gc - Ultimate Thread Group 1-89
2021-03-12 15:04:51,671 INFO o.a.j.t.JMeterThread: Thread finished: jp@gc - Ultimate Thread Group 1-84
2021-03-12 15:04:51,674 INFO o.a.j.t.JMeterThread: Thread finished: jp@gc - Ultimate Thread Group 1-83
2021-03-12 15:04:51,675 INFO o.a.j.t.JMeterThread: Stopping: jp@gc - Ultimate Thread Group 1-69
2021-03-12 15:04:51,675 WARN o.a.j.t.JMeterThread: The delay timer was interrupted - probably did not wait as long as intended.
2021-03-12 15:04:51,675 INFO o.a.j.t.JMeterThread: Thread finished: jp@gc - Ultimate Thread Group 1-69
2021-03-12 15:04:51,676 INFO o.a.j.t.JMeterThread: Stopping: jp@gc - Ultimate Thread Group 1-77
2021-03-12 15:04:51,677 WARN o.a.j.t.JMeterThread: The delay timer was interrupted - probably did not wait as long as intended.
2021-03-12 15:04:51,677 INFO o.a.j.t.JMeterThread: Thread finished: jp@gc - Ultimate Thread Group 1-77
2021-03-12 15:04:51,677 INFO o.a.j.t.JMeterThread: Stopping: jp@gc - Ultimate Thread Group 1-71
2021-03-12 15:04:51,677 WARN o.a.j.t.JMeterThread: Interrupting: jp@gc - Ultimate Thread Group 1-71 sampler: Add Pet
2021-03-12 15:04:51,680 INFO o.a.j.t.JMeterThread: Stopping: jp@gc - Ultimate Thread Group 1-54
2021-03-12 15:04:51,680 WARN o.a.j.t.JMeterThread: The delay timer was interrupted - probably did not wait as long as intended.
2021-03-12 15:04:51,681 INFO o.a.j.t.JMeterThread: Thread finished: jp@gc - Ultimate Thread Group 1-54
2021-03-12 15:04:51,683 INFO o.a.j.t.JMeterThread: Stopping: jp@gc - Ultimate Thread Group 1-99
2021-03-12 15:04:51,683 WARN o.a.j.t.JMeterThread: The delay timer was interrupted - probably did not wait as long as intended.
2021-03-12 15:04:51,683 INFO o.a.j.t.JMeterThread: Thread finished: jp@gc - Ultimate Thread Group 1-99
2021-03-12 15:04:51,684 INFO o.a.j.t.JMeterThread: Stopping: jp@gc - Ultimate Thread Group 1-91
2021-03-12 15:04:51,684 WARN o.a.j.t.JMeterThread: The delay timer was interrupted - probably did not wait as long as intended.
2021-03-12 15:04:51,684 INFO o.a.j.t.JMeterThread: Thread finished: jp@gc - Ultimate Thread Group 1-91
2021-03-12 15:04:51,684 INFO o.a.j.t.JMeterThread: Thread finished: jp@gc - Ultimate Thread Group 1-71
2021-03-12 15:04:51,685 INFO o.a.j.t.JMeterThread: Stopping: jp@gc - Ultimate Thread Group 1-57
2021-03-12 15:04:51,685 WARN o.a.j.t.JMeterThread: The delay timer was interrupted - probably did not wait as long as intended.
2021-03-12 15:04:51,685 INFO o.a.j.t.JMeterThread: Thread finished: jp@gc - Ultimate Thread Group 1-57
2021-03-12 15:04:51,687 INFO o.a.j.t.JMeterThread: Stopping: jp@gc - Ultimate Thread Group 1-23
2021-03-12 15:04:51,687 INFO o.a.j.t.JMeterThread: Stopping: jp@gc - Ultimate Thread Group 1-8
2021-03-12 15:04:51,687 WARN o.a.j.t.JMeterThread: The delay timer was interrupted - probably did not wait as long as intended.
2021-03-12 15:04:51,687 WARN o.a.j.t.JMeterThread: The delay timer was interrupted - probably did not wait as long as intended.
2021-03-12 15:04:51,687 INFO o.a.j.t.JMeterThread: Thread finished: jp@gc - Ultimate Thread Group 1-8
2021-03-12 15:04:51,687 INFO o.a.j.t.JMeterThread: Thread finished: jp@gc - Ultimate Thread Group 1-23
2021-03-12 15:04:51,688 INFO o.a.j.t.JMeterThread: Stopping: jp@gc - Ultimate Thread Group 1-81
2021-03-12 15:04:51,689 WARN o.a.j.t.JMeterThread: The delay timer was interrupted - probably did not wait as long as intended.
2021-03-12 15:04:51,689 INFO o.a.j.t.JMeterThread: Thread finished: jp@gc - Ultimate Thread Group 1-81
2021-03-12 15:04:51,690 INFO o.a.j.t.JMeterThread: Stopping: jp@gc - Ultimate Thread Group 1-90
2021-03-12 15:04:51,690 INFO o.a.j.t.JMeterThread: Stopping: jp@gc - Ultimate Thread Group 1-39
2021-03-12 15:04:51,690 WARN o.a.j.t.JMeterThread: The delay timer was interrupted - probably did not wait as long as intended.
2021-03-12 15:04:51,690 WARN o.a.j.t.JMeterThread: The delay timer was interrupted - probably did not wait as long as intended.
2021-03-12 15:04:51,690 INFO o.a.j.t.JMeterThread: Thread finished: jp@gc - Ultimate Thread Group 1-39
2021-03-12 15:04:51,690 INFO o.a.j.t.JMeterThread: Thread finished: jp@gc - Ultimate Thread Group 1-90
2021-03-12 15:04:51,690 INFO o.a.j.t.JMeterThread: Stopping: jp@gc - Ultimate Thread Group 1-43
2021-03-12 15:04:51,690 INFO o.a.j.t.JMeterThread: Stopping: jp@gc - Ultimate Thread Group 1-46
2021-03-12 15:04:51,691 WARN o.a.j.t.JMeterThread: The delay timer was interrupted - probably did not wait as long as intended.
2021-03-12 15:04:51,691 WARN o.a.j.t.JMeterThread: The delay timer was interrupted - probably did not wait as long as intended.
2021-03-12 15:04:51,691 INFO o.a.j.t.JMeterThread: Thread finished: jp@gc - Ultimate Thread Group 1-43
2021-03-12 15:04:51,691 INFO o.a.j.t.JMeterThread: Thread finished: jp@gc - Ultimate Thread Group 1-46
2021-03-12 15:04:51,691 INFO o.a.j.t.JMeterThread: Stopping: jp@gc - Ultimate Thread Group 1-33
2021-03-12 15:04:51,691 WARN o.a.j.t.JMeterThread: The delay timer was interrupted - probably did not wait as long as intended.
2021-03-12 15:04:51,692 INFO o.a.j.t.JMeterThread: Thread finished: jp@gc - Ultimate Thread Group 1-33
2021-03-12 15:04:51,692 INFO o.a.j.t.JMeterThread: Stopping: jp@gc - Ultimate Thread Group 1-37
2021-03-12 15:04:51,692 INFO o.a.j.t.JMeterThread: Stopping: jp@gc - Ultimate Thread Group 1-97
2021-03-12 15:04:51,692 WARN o.a.j.t.JMeterThread: The delay timer was interrupted - probably did not wait as long as intended.
2021-03-12 15:04:51,692 WARN o.a.j.t.JMeterThread: The delay timer was interrupted - probably did not wait as long as intended.
2021-03-12 15:04:51,692 INFO o.a.j.t.JMeterThread: Thread finished: jp@gc - Ultimate Thread Group 1-37
2021-03-12 15:04:51,692 INFO o.a.j.t.JMeterThread: Thread finished: jp@gc - Ultimate Thread Group 1-97
2021-03-12 15:04:51,693 INFO o.a.j.t.JMeterThread: Stopping: jp@gc - Ultimate Thread Group 1-100
2021-03-12 15:04:51,693 WARN o.a.j.t.JMeterThread: The delay timer was interrupted - probably did not wait as long as intended.
2021-03-12 15:04:51,693 INFO o.a.j.t.JMeterThread: Thread finished: jp@gc - Ultimate Thread Group 1-100
2021-03-12 15:04:51,693 INFO o.a.j.t.JMeterThread: Stopping: jp@gc - Ultimate Thread Group 1-64
2021-03-12 15:04:51,694 WARN o.a.j.t.JMeterThread: The delay timer was interrupted - probably did not wait as long as intended.
2021-03-12 15:04:51,694 INFO o.a.j.t.JMeterThread: Thread finished: jp@gc - Ultimate Thread Group 1-64
2021-03-12 15:04:51,695 INFO o.a.j.t.JMeterThread: Stopping: jp@gc - Ultimate Thread Group 1-27
2021-03-12 15:04:51,695 INFO o.a.j.t.JMeterThread: Stopping: jp@gc - Ultimate Thread Group 1-32
2021-03-12 15:04:51,695 WARN o.a.j.t.JMeterThread: The delay timer was interrupted - probably did not wait as long as intended.
2021-03-12 15:04:51,695 WARN o.a.j.t.JMeterThread: The delay timer was interrupted - probably did not wait as long as intended.
2021-03-12 15:04:51,695 INFO o.a.j.t.JMeterThread: Thread finished: jp@gc - Ultimate Thread Group 1-32
2021-03-12 15:04:51,695 INFO o.a.j.t.JMeterThread: Thread finished: jp@gc - Ultimate Thread Group 1-27
2021-03-12 15:04:51,696 INFO o.a.j.t.JMeterThread: Stopping: jp@gc - Ultimate Thread Group 1-36
2021-03-12 15:04:51,697 WARN o.a.j.t.JMeterThread: The delay timer was interrupted - probably did not wait as long as intended.
2021-03-12 15:04:51,697 INFO o.a.j.t.JMeterThread: Thread finished: jp@gc - Ultimate Thread Group 1-36
2021-03-12 15:04:51,698 INFO o.a.j.t.JMeterThread: Stopping: jp@gc - Ultimate Thread Group 1-4
2021-03-12 15:04:51,698 INFO o.a.j.t.JMeterThread: Stopping: jp@gc - Ultimate Thread Group 1-70
2021-03-12 15:04:51,698 WARN o.a.j.t.JMeterThread: The delay timer was interrupted - probably did not wait as long as intended.
2021-03-12 15:04:51,698 INFO o.a.j.t.JMeterThread: Thread finished: jp@gc - Ultimate Thread Group 1-4
2021-03-12 15:04:51,698 WARN o.a.j.t.JMeterThread: Interrupting: jp@gc - Ultimate Thread Group 1-70 sampler: Update Owner
2021-03-12 15:04:51,701 INFO o.a.j.t.JMeterThread: Stopping: jp@gc - Ultimate Thread Group 1-5
2021-03-12 15:04:51,701 WARN o.a.j.t.JMeterThread: Interrupting: jp@gc - Ultimate Thread Group 1-5 sampler: All Owners
2021-03-12 15:04:51,705 INFO o.a.j.t.JMeterThread: Thread finished: jp@gc - Ultimate Thread Group 1-70
2021-03-12 15:04:51,706 INFO o.a.j.t.JMeterThread: Thread finished: jp@gc - Ultimate Thread Group 1-5
2021-03-12 15:04:51,706 INFO o.a.j.t.JMeterThread: Stopping: jp@gc - Ultimate Thread Group 1-29
2021-03-12 15:04:51,706 WARN o.a.j.t.JMeterThread: The delay timer was interrupted - probably did not wait as long as intended.
2021-03-12 15:04:51,706 INFO o.a.j.t.JMeterThread: Thread finished: jp@gc - Ultimate Thread Group 1-29
2021-03-12 15:04:51,707 INFO o.a.j.t.JMeterThread: Stopping: jp@gc - Ultimate Thread Group 1-56
2021-03-12 15:04:51,707 INFO o.a.j.t.JMeterThread: Stopping: jp@gc - Ultimate Thread Group 1-74
2021-03-12 15:04:51,707 INFO o.a.j.t.JMeterThread: Stopping: jp@gc - Ultimate Thread Group 1-3
2021-03-12 15:04:51,707 WARN o.a.j.t.JMeterThread: The delay timer was interrupted - probably did not wait as long as intended.
2021-03-12 15:04:51,707 WARN o.a.j.t.JMeterThread: The delay timer was interrupted - probably did not wait as long as intended.
2021-03-12 15:04:51,707 WARN o.a.j.t.JMeterThread: The delay timer was interrupted - probably did not wait as long as intended.
2021-03-12 15:04:51,707 INFO o.a.j.t.JMeterThread: Thread finished: jp@gc - Ultimate Thread Group 1-3
2021-03-12 15:04:51,707 INFO o.a.j.t.JMeterThread: Thread finished: jp@gc - Ultimate Thread Group 1-74
2021-03-12 15:04:51,707 INFO o.a.j.t.JMeterThread: Thread finished: jp@gc - Ultimate Thread Group 1-56
2021-03-12 15:04:51,708 INFO o.a.j.t.JMeterThread: Stopping: jp@gc - Ultimate Thread Group 1-50
2021-03-12 15:04:51,708 INFO o.a.j.t.JMeterThread: Stopping: jp@gc - Ultimate Thread Group 1-2
2021-03-12 15:04:51,708 INFO o.a.j.t.JMeterThread: Stopping: jp@gc - Ultimate Thread Group 1-96
2021-03-12 15:04:51,708 WARN o.a.j.t.JMeterThread: The delay timer was interrupted - probably did not wait as long as intended.
2021-03-12 15:04:51,708 WARN o.a.j.t.JMeterThread: The delay timer was interrupted - probably did not wait as long as intended.
2021-03-12 15:04:51,708 INFO o.a.j.t.JMeterThread: Thread finished: jp@gc - Ultimate Thread Group 1-50
2021-03-12 15:04:51,708 INFO o.a.j.t.JMeterThread: Thread finished: jp@gc - Ultimate Thread Group 1-96
2021-03-12 15:04:51,708 WARN o.a.j.t.JMeterThread: The delay timer was interrupted - probably did not wait as long as intended.
2021-03-12 15:04:51,709 INFO o.a.j.t.JMeterThread: Thread finished: jp@gc - Ultimate Thread Group 1-2
2021-03-12 15:04:51,709 INFO o.a.j.t.JMeterThread: Stopping: jp@gc - Ultimate Thread Group 1-78
2021-03-12 15:04:51,709 WARN o.a.j.t.JMeterThread: The delay timer was interrupted - probably did not wait as long as intended.
2021-03-12 15:04:51,709 INFO o.a.j.t.JMeterThread: Thread finished: jp@gc - Ultimate Thread Group 1-78
2021-03-12 15:04:51,710 INFO o.a.j.t.JMeterThread: Stopping: jp@gc - Ultimate Thread Group 1-63
2021-03-12 15:04:51,710 WARN o.a.j.t.JMeterThread: The delay timer was interrupted - probably did not wait as long as intended.
2021-03-12 15:04:51,710 INFO o.a.j.t.JMeterThread: Thread finished: jp@gc - Ultimate Thread Group 1-63
2021-03-12 15:04:51,711 INFO o.a.j.t.JMeterThread: Stopping: jp@gc - Ultimate Thread Group 1-41
2021-03-12 15:04:51,711 WARN o.a.j.t.JMeterThread: The delay timer was interrupted - probably did not wait as long as intended.
2021-03-12 15:04:51,711 INFO o.a.j.t.JMeterThread: Thread finished: jp@gc - Ultimate Thread Group 1-41
2021-03-12 15:04:51,711 INFO o.a.j.t.JMeterThread: Stopping: jp@gc - Ultimate Thread Group 1-94
2021-03-12 15:04:51,712 INFO o.a.j.t.JMeterThread: Stopping: jp@gc - Ultimate Thread Group 1-25
2021-03-12 15:04:51,712 WARN o.a.j.t.JMeterThread: The delay timer was interrupted - probably did not wait as long as intended.
2021-03-12 15:04:51,712 WARN o.a.j.t.JMeterThread: The delay timer was interrupted - probably did not wait as long as intended.
2021-03-12 15:04:51,712 INFO o.a.j.t.JMeterThread: Thread finished: jp@gc - Ultimate Thread Group 1-25
2021-03-12 15:04:51,712 INFO o.a.j.t.JMeterThread: Thread finished: jp@gc - Ultimate Thread Group 1-94
2021-03-12 15:04:51,712 INFO o.a.j.t.JMeterThread: Stopping: jp@gc - Ultimate Thread Group 1-86
2021-03-12 15:04:51,713 INFO o.a.j.t.JMeterThread: Stopping: jp@gc - Ultimate Thread Group 1-87
2021-03-12 15:04:51,713 WARN o.a.j.t.JMeterThread: The delay timer was interrupted - probably did not wait as long as intended.
2021-03-12 15:04:51,713 WARN o.a.j.t.JMeterThread: The delay timer was interrupted - probably did not wait as long as intended.
2021-03-12 15:04:51,713 INFO o.a.j.t.JMeterThread: Thread finished: jp@gc - Ultimate Thread Group 1-87
2021-03-12 15:04:51,713 INFO o.a.j.t.JMeterThread: Thread finished: jp@gc - Ultimate Thread Group 1-86
2021-03-12 15:04:51,714 INFO o.a.j.t.JMeterThread: Stopping: jp@gc - Ultimate Thread Group 1-6
2021-03-12 15:04:51,714 INFO o.a.j.t.JMeterThread: Stopping: jp@gc - Ultimate Thread Group 1-82
2021-03-12 15:04:51,714 WARN o.a.j.t.JMeterThread: The delay timer was interrupted - probably did not wait as long as intended.
2021-03-12 15:04:51,714 WARN o.a.j.t.JMeterThread: The delay timer was interrupted - probably did not wait as long as intended.
2021-03-12 15:04:51,714 INFO o.a.j.t.JMeterThread: Thread finished: jp@gc - Ultimate Thread Group 1-6
2021-03-12 15:04:51,714 INFO o.a.j.t.JMeterThread: Thread finished: jp@gc - Ultimate Thread Group 1-82
2021-03-12 15:04:51,717 INFO o.a.j.t.JMeterThread: Stopping: jp@gc - Ultimate Thread Group 1-45
2021-03-12 15:04:51,717 WARN o.a.j.t.JMeterThread: The delay timer was interrupted - probably did not wait as long as intended.
2021-03-12 15:04:51,717 INFO o.a.j.t.JMeterThread: Thread finished: jp@gc - Ultimate Thread Group 1-45
2021-03-12 15:04:51,718 INFO o.a.j.t.JMeterThread: Stopping: jp@gc - Ultimate Thread Group 1-51
2021-03-12 15:04:51,718 INFO o.a.j.t.JMeterThread: Stopping: jp@gc - Ultimate Thread Group 1-10
2021-03-12 15:04:51,718 WARN o.a.j.t.JMeterThread: The delay timer was interrupted - probably did not wait as long as intended.
2021-03-12 15:04:51,718 INFO o.a.j.t.JMeterThread: Thread finished: jp@gc - Ultimate Thread Group 1-51
2021-03-12 15:04:51,718 WARN o.a.j.t.JMeterThread: The delay timer was interrupted - probably did not wait as long as intended.
2021-03-12 15:04:51,718 INFO o.a.j.t.JMeterThread: Thread finished: jp@gc - Ultimate Thread Group 1-10
2021-03-12 15:04:51,720 INFO o.a.j.t.JMeterThread: Stopping: jp@gc - Ultimate Thread Group 1-20
2021-03-12 15:04:51,720 INFO o.a.j.t.JMeterThread: Stopping: jp@gc - Ultimate Thread Group 1-47
2021-03-12 15:04:51,720 INFO o.a.j.t.JMeterThread: Stopping: jp@gc - Ultimate Thread Group 1-17
2021-03-12 15:04:51,720 WARN o.a.j.t.JMeterThread: The delay timer was interrupted - probably did not wait as long as intended.
2021-03-12 15:04:51,721 INFO o.a.j.t.JMeterThread: Thread finished: jp@gc - Ultimate Thread Group 1-17
2021-03-12 15:04:51,721 WARN o.a.j.t.JMeterThread: The delay timer was interrupted - probably did not wait as long as intended.
2021-03-12 15:04:51,721 WARN o.a.j.t.JMeterThread: The delay timer was interrupted - probably did not wait as long as intended.
2021-03-12 15:04:51,721 INFO o.a.j.t.JMeterThread: Stopping: jp@gc - Ultimate Thread Group 1-55
2021-03-12 15:04:51,721 INFO o.a.j.t.JMeterThread: Stopping: jp@gc - Ultimate Thread Group 1-68
2021-03-12 15:04:51,722 WARN o.a.j.t.JMeterThread: The delay timer was interrupted - probably did not wait as long as intended.
2021-03-12 15:04:51,722 WARN o.a.j.t.JMeterThread: The delay timer was interrupted - probably did not wait as long as intended.
2021-03-12 15:04:51,722 INFO o.a.j.t.JMeterThread: Thread finished: jp@gc - Ultimate Thread Group 1-68
2021-03-12 15:04:51,722 INFO o.a.j.t.JMeterThread: Stopping: jp@gc - Ultimate Thread Group 1-79
2021-03-12 15:04:51,722 WARN o.a.j.t.JMeterThread: The delay timer was interrupted - probably did not wait as long as intended.
2021-03-12 15:04:51,722 INFO o.a.j.t.JMeterThread: Thread finished: jp@gc - Ultimate Thread Group 1-79
2021-03-12 15:04:51,723 INFO o.a.j.t.JMeterThread: Thread finished: jp@gc - Ultimate Thread Group 1-55
2021-03-12 15:04:51,723 INFO o.a.j.t.JMeterThread: Stopping: jp@gc - Ultimate Thread Group 1-76
2021-03-12 15:04:51,723 WARN o.a.j.t.JMeterThread: The delay timer was interrupted - probably did not wait as long as intended.
2021-03-12 15:04:51,723 INFO o.a.j.t.JMeterThread: Thread finished: jp@gc - Ultimate Thread Group 1-20
2021-03-12 15:04:51,723 INFO o.a.j.t.JMeterThread: Thread finished: jp@gc - Ultimate Thread Group 1-76
2021-03-12 15:04:51,723 INFO o.a.j.t.JMeterThread: Thread finished: jp@gc - Ultimate Thread Group 1-47
2021-03-12 15:04:51,728 INFO o.a.j.t.JMeterThread: Stopping: jp@gc - Ultimate Thread Group 1-93
2021-03-12 15:04:51,728 WARN o.a.j.t.JMeterThread: The delay timer was interrupted - probably did not wait as long as intended.
2021-03-12 15:04:51,728 INFO o.a.j.t.JMeterThread: Thread finished: jp@gc - Ultimate Thread Group 1-93
2021-03-12 15:04:51,730 INFO o.a.j.t.JMeterThread: Stopping: jp@gc - Ultimate Thread Group 1-15
2021-03-12 15:04:51,731 INFO o.a.j.t.JMeterThread: Stopping: jp@gc - Ultimate Thread Group 1-38
2021-03-12 15:04:51,731 WARN o.a.j.t.JMeterThread: The delay timer was interrupted - probably did not wait as long as intended.
2021-03-12 15:04:51,731 WARN o.a.j.t.JMeterThread: The delay timer was interrupted - probably did not wait as long as intended.
2021-03-12 15:04:51,731 INFO o.a.j.t.JMeterThread: Thread finished: jp@gc - Ultimate Thread Group 1-15
2021-03-12 15:04:51,731 INFO o.a.j.t.JMeterThread: Thread finished: jp@gc - Ultimate Thread Group 1-38
2021-03-12 15:04:51,731 INFO o.a.j.t.JMeterThread: Stopping: jp@gc - Ultimate Thread Group 1-52
2021-03-12 15:04:51,732 INFO o.a.j.t.JMeterThread: Stopping: jp@gc - Ultimate Thread Group 1-60
2021-03-12 15:04:51,732 WARN o.a.j.t.JMeterThread: The delay timer was interrupted - probably did not wait as long as intended.
2021-03-12 15:04:51,732 INFO o.a.j.t.JMeterThread: Stopping: jp@gc - Ultimate Thread Group 1-53
2021-03-12 15:04:51,732 INFO o.a.j.t.JMeterThread: Stopping: jp@gc - Ultimate Thread Group 1-72
2021-03-12 15:04:51,732 INFO o.a.j.t.JMeterThread: Thread finished: jp@gc - Ultimate Thread Group 1-52
2021-03-12 15:04:51,732 WARN o.a.j.t.JMeterThread: The delay timer was interrupted - probably did not wait as long as intended.
2021-03-12 15:04:51,732 INFO o.a.j.t.JMeterThread: Thread finished: jp@gc - Ultimate Thread Group 1-72
2021-03-12 15:04:51,732 WARN o.a.j.t.JMeterThread: The delay timer was interrupted - probably did not wait as long as intended.
2021-03-12 15:04:51,732 INFO o.a.j.t.JMeterThread: Thread finished: jp@gc - Ultimate Thread Group 1-60
2021-03-12 15:04:51,732 WARN o.a.j.t.JMeterThread: The delay timer was interrupted - probably did not wait as long as intended.
2021-03-12 15:04:51,732 INFO o.a.j.t.JMeterThread: Thread finished: jp@gc - Ultimate Thread Group 1-53
2021-03-12 15:04:51,733 INFO o.a.j.t.JMeterThread: Stopping: jp@gc - Ultimate Thread Group 1-92
2021-03-12 15:04:51,733 WARN o.a.j.t.JMeterThread: The delay timer was interrupted - probably did not wait as long as intended.
2021-03-12 15:04:51,733 INFO o.a.j.t.JMeterThread: Thread finished: jp@gc - Ultimate Thread Group 1-92
2021-03-12 15:04:51,734 INFO o.a.j.t.JMeterThread: Stopping: jp@gc - Ultimate Thread Group 1-40
2021-03-12 15:04:51,735 INFO o.a.j.t.JMeterThread: Stopping: jp@gc - Ultimate Thread Group 1-58
2021-03-12 15:04:51,735 INFO o.a.j.t.JMeterThread: Stopping: jp@gc - Ultimate Thread Group 1-44
2021-03-12 15:04:51,735 WARN o.a.j.t.JMeterThread: The delay timer was interrupted - probably did not wait as long as intended.
2021-03-12 15:04:51,735 INFO o.a.j.t.JMeterThread: Stopping: jp@gc - Ultimate Thread Group 1-28
2021-03-12 15:04:51,735 WARN o.a.j.t.JMeterThread: The delay timer was interrupted - probably did not wait as long as intended.
2021-03-12 15:04:51,735 INFO o.a.j.t.JMeterThread: Thread finished: jp@gc - Ultimate Thread Group 1-40
2021-03-12 15:04:51,735 INFO o.a.j.t.JMeterThread: Thread finished: jp@gc - Ultimate Thread Group 1-28
2021-03-12 15:04:51,735 WARN o.a.j.t.JMeterThread: The delay timer was interrupted - probably did not wait as long as intended.
2021-03-12 15:04:51,735 INFO o.a.j.t.JMeterThread: Thread finished: jp@gc - Ultimate Thread Group 1-58
2021-03-12 15:04:51,736 WARN o.a.j.t.JMeterThread: The delay timer was interrupted - probably did not wait as long as intended.
2021-03-12 15:04:51,736 INFO o.a.j.t.JMeterThread: Thread finished: jp@gc - Ultimate Thread Group 1-44
2021-03-12 15:04:51,736 INFO o.a.j.t.JMeterThread: Stopping: jp@gc - Ultimate Thread Group 1-22
2021-03-12 15:04:51,738 WARN o.a.j.t.JMeterThread: The delay timer was interrupted - probably did not wait as long as intended.
2021-03-12 15:04:51,738 INFO o.a.j.t.JMeterThread: Thread finished: jp@gc - Ultimate Thread Group 1-22
2021-03-12 15:04:51,738 INFO o.a.j.t.JMeterThread: Stopping: jp@gc - Ultimate Thread Group 1-42
2021-03-12 15:04:51,738 WARN o.a.j.t.JMeterThread: The delay timer was interrupted - probably did not wait as long as intended.
2021-03-12 15:04:51,739 INFO o.a.j.t.JMeterThread: Thread finished: jp@gc - Ultimate Thread Group 1-42
2021-03-12 15:04:51,740 INFO o.a.j.t.JMeterThread: Stopping: jp@gc - Ultimate Thread Group 1-49
2021-03-12 15:04:51,740 WARN o.a.j.t.JMeterThread: The delay timer was interrupted - probably did not wait as long as intended.
2021-03-12 15:04:51,740 INFO o.a.j.t.JMeterThread: Thread finished: jp@gc - Ultimate Thread Group 1-49
2021-03-12 15:04:51,741 INFO o.a.j.t.JMeterThread: Stopping: jp@gc - Ultimate Thread Group 1-13
2021-03-12 15:04:51,741 WARN o.a.j.t.JMeterThread: The delay timer was interrupted - probably did not wait as long as intended.
2021-03-12 15:04:51,741 INFO o.a.j.t.JMeterThread: Thread finished: jp@gc - Ultimate Thread Group 1-13
2021-03-12 15:04:51,742 INFO o.a.j.t.JMeterThread: Stopping: jp@gc - Ultimate Thread Group 1-19
2021-03-12 15:04:51,742 WARN o.a.j.t.JMeterThread: The delay timer was interrupted - probably did not wait as long as intended.
2021-03-12 15:04:51,743 INFO o.a.j.t.JMeterThread: Thread finished: jp@gc - Ultimate Thread Group 1-19
2021-03-12 15:04:51,746 INFO o.a.j.t.JMeterThread: Stopping: jp@gc - Ultimate Thread Group 1-30
2021-03-12 15:04:51,746 INFO o.a.j.t.JMeterThread: Stopping: jp@gc - Ultimate Thread Group 1-31
2021-03-12 15:04:51,746 WARN o.a.j.t.JMeterThread: The delay timer was interrupted - probably did not wait as long as intended.
2021-03-12 15:04:51,746 INFO o.a.j.t.JMeterThread: Thread finished: jp@gc - Ultimate Thread Group 1-31
2021-03-12 15:04:51,746 WARN o.a.j.t.JMeterThread: The delay timer was interrupted - probably did not wait as long as intended.
2021-03-12 15:04:51,746 INFO o.a.j.t.JMeterThread: Thread finished: jp@gc - Ultimate Thread Group 1-30
2021-03-12 15:04:51,747 INFO o.a.j.t.JMeterThread: Stopping: jp@gc - Ultimate Thread Group 1-34
2021-03-12 15:04:51,748 WARN o.a.j.t.JMeterThread: The delay timer was interrupted - probably did not wait as long as intended.
2021-03-12 15:04:51,749 INFO o.a.j.t.JMeterThread: Thread finished: jp@gc - Ultimate Thread Group 1-34
2021-03-12 15:04:51,748 INFO o.a.j.t.JMeterThread: Stopping: jp@gc - Ultimate Thread Group 1-12
2021-03-12 15:04:51,752 INFO o.a.j.t.JMeterThread: Stopping: jp@gc - Ultimate Thread Group 1-14
2021-03-12 15:04:51,752 WARN o.a.j.t.JMeterThread: The delay timer was interrupted - probably did not wait as long as intended.
2021-03-12 15:04:51,752 WARN o.a.j.t.JMeterThread: The delay timer was interrupted - probably did not wait as long as intended.
2021-03-12 15:04:51,752 INFO o.a.j.t.JMeterThread: Thread finished: jp@gc - Ultimate Thread Group 1-12
2021-03-12 15:04:51,752 INFO o.a.j.t.JMeterThread: Thread finished: jp@gc - Ultimate Thread Group 1-14
2021-03-12 15:04:51,763 INFO o.a.j.t.JMeterThread: Stopping: jp@gc - Ultimate Thread Group 1-66
2021-03-12 15:04:51,763 WARN o.a.j.t.JMeterThread: The delay timer was interrupted - probably did not wait as long as intended.
2021-03-12 15:04:51,763 INFO o.a.j.t.JMeterThread: Thread finished: jp@gc - Ultimate Thread Group 1-66
2021-03-12 15:04:51,764 INFO o.a.j.t.JMeterThread: Stopping: jp@gc - Ultimate Thread Group 1-88
2021-03-12 15:04:51,764 WARN o.a.j.t.JMeterThread: Interrupting: jp@gc - Ultimate Thread Group 1-88 sampler: All Owners
2021-03-12 15:04:51,765 INFO o.a.j.t.JMeterThread: Stopping: jp@gc - Ultimate Thread Group 1-9
2021-03-12 15:04:51,765 WARN o.a.j.t.JMeterThread: The delay timer was interrupted - probably did not wait as long as intended.
2021-03-12 15:04:51,765 INFO o.a.j.t.JMeterThread: Thread finished: jp@gc - Ultimate Thread Group 1-9
2021-03-12 15:04:51,765 INFO o.a.j.t.JMeterThread: Thread finished: jp@gc - Ultimate Thread Group 1-88
2021-03-12 15:04:51,771 INFO o.a.j.t.JMeterThread: Stopping: jp@gc - Ultimate Thread Group 1-61
2021-03-12 15:04:51,771 WARN o.a.j.t.JMeterThread: The delay timer was interrupted - probably did not wait as long as intended.
2021-03-12 15:04:51,771 INFO o.a.j.t.JMeterThread: Thread finished: jp@gc - Ultimate Thread Group 1-61
2021-03-12 15:04:51,772 INFO o.a.j.t.JMeterThread: Stopping: jp@gc - Ultimate Thread Group 1-65
2021-03-12 15:04:51,772 WARN o.a.j.t.JMeterThread: The delay timer was interrupted - probably did not wait as long as intended.
2021-03-12 15:04:51,772 INFO o.a.j.t.JMeterThread: Thread finished: jp@gc - Ultimate Thread Group 1-65
2021-03-12 15:04:51,777 INFO o.a.j.t.JMeterThread: Stopping: jp@gc - Ultimate Thread Group 1-26
2021-03-12 15:04:51,777 WARN o.a.j.t.JMeterThread: The delay timer was interrupted - probably did not wait as long as intended.
2021-03-12 15:04:51,777 INFO o.a.j.t.JMeterThread: Thread finished: jp@gc - Ultimate Thread Group 1-26
2021-03-12 15:04:51,778 INFO o.a.j.t.JMeterThread: Stopping: jp@gc - Ultimate Thread Group 1-62
2021-03-12 15:04:51,778 WARN o.a.j.t.JMeterThread: The delay timer was interrupted - probably did not wait as long as intended.
2021-03-12 15:04:51,778 INFO o.a.j.t.JMeterThread: Thread finished: jp@gc - Ultimate Thread Group 1-62
2021-03-12 15:04:51,778 INFO o.a.j.t.JMeterThread: Stopping: jp@gc - Ultimate Thread Group 1-75
2021-03-12 15:04:51,778 INFO o.a.j.t.JMeterThread: Stopping: jp@gc - Ultimate Thread Group 1-16
2021-03-12 15:04:51,778 WARN o.a.j.t.JMeterThread: The delay timer was interrupted - probably did not wait as long as intended.
2021-03-12 15:04:51,778 WARN o.a.j.t.JMeterThread: The delay timer was interrupted - probably did not wait as long as intended.
2021-03-12 15:04:51,779 INFO o.a.j.t.JMeterThread: Thread finished: jp@gc - Ultimate Thread Group 1-16
2021-03-12 15:04:51,779 INFO o.a.j.t.JMeterThread: Thread finished: jp@gc - Ultimate Thread Group 1-75
2021-03-12 15:04:51,783 INFO o.a.j.t.JMeterThread: Stopping: jp@gc - Ultimate Thread Group 1-59
2021-03-12 15:04:51,783 WARN o.a.j.t.JMeterThread: The delay timer was interrupted - probably did not wait as long as intended.
2021-03-12 15:04:51,784 INFO o.a.j.t.JMeterThread: Thread finished: jp@gc - Ultimate Thread Group 1-59
2021-03-12 15:04:51,784 INFO o.a.j.t.JMeterThread: Stopping: jp@gc - Ultimate Thread Group 1-73
2021-03-12 15:04:51,793 INFO o.a.j.t.JMeterThread: Stopping: jp@gc - Ultimate Thread Group 1-11
2021-03-12 15:04:51,793 WARN o.a.j.t.JMeterThread: The delay timer was interrupted - probably did not wait as long as intended.
2021-03-12 15:04:51,793 INFO o.a.j.t.JMeterThread: Thread finished: jp@gc - Ultimate Thread Group 1-11
2021-03-12 15:04:51,795 WARN o.a.j.t.JMeterThread: The delay timer was interrupted - probably did not wait as long as intended.
2021-03-12 15:04:51,796 INFO o.a.j.t.JMeterThread: Thread finished: jp@gc - Ultimate Thread Group 1-73
2021-03-12 15:04:51,799 INFO o.a.j.t.JMeterThread: Stopping: jp@gc - Ultimate Thread Group 1-7
2021-03-12 15:04:51,800 INFO o.a.j.t.JMeterThread: Stopping: jp@gc - Ultimate Thread Group 1-95
2021-03-12 15:04:51,800 INFO o.a.j.t.JMeterThread: Stopping: jp@gc - Ultimate Thread Group 1-1
2021-03-12 15:04:51,800 WARN o.a.j.t.JMeterThread: The delay timer was interrupted - probably did not wait as long as intended.
2021-03-12 15:04:51,800 WARN o.a.j.t.JMeterThread: The delay timer was interrupted - probably did not wait as long as intended.
2021-03-12 15:04:51,800 INFO o.a.j.t.JMeterThread: Thread finished: jp@gc - Ultimate Thread Group 1-7
2021-03-12 15:04:51,800 INFO o.a.j.t.JMeterThread: Thread finished: jp@gc - Ultimate Thread Group 1-1
2021-03-12 15:04:51,800 WARN o.a.j.t.JMeterThread: The delay timer was interrupted - probably did not wait as long as intended.
2021-03-12 15:04:51,800 INFO o.a.j.t.JMeterThread: Thread finished: jp@gc - Ultimate Thread Group 1-95
2021-03-12 15:04:51,800 INFO o.a.j.t.JMeterThread: Stopping: jp@gc - Ultimate Thread Group 1-98
2021-03-12 15:04:51,800 WARN o.a.j.t.JMeterThread: The delay timer was interrupted - probably did not wait as long as intended.
2021-03-12 15:04:51,801 INFO o.a.j.t.JMeterThread: Thread finished: jp@gc - Ultimate Thread Group 1-98
2021-03-12 15:04:51,801 INFO o.a.j.e.StandardJMeterEngine: Notifying test listeners of end of test
2021-03-12 15:04:51,801 INFO o.a.j.g.u.JMeterMenuBar: setRunning(false, *local*)
