2021-03-12 15:02:46,165 INFO o.a.j.u.JMeterUtils: Setting Locale to en_EN
2021-03-12 15:02:46,186 INFO o.a.j.JMeter: Loading user properties from: /opt/apache-jmeter-5.4.1/bin/user.properties
2021-03-12 15:02:46,186 INFO o.a.j.JMeter: Loading system properties from: /opt/apache-jmeter-5.4.1/bin/system.properties
2021-03-12 15:02:46,192 INFO o.a.j.JMeter: Copyright (c) 1998-2021 The Apache Software Foundation
2021-03-12 15:02:46,192 INFO o.a.j.JMeter: Version 5.4.1
2021-03-12 15:02:46,192 INFO o.a.j.JMeter: java.version=11.0.10
2021-03-12 15:02:46,192 INFO o.a.j.JMeter: java.vm.name=OpenJDK 64-Bit Server VM
2021-03-12 15:02:46,192 INFO o.a.j.JMeter: os.name=Linux
2021-03-12 15:02:46,192 INFO o.a.j.JMeter: os.arch=amd64
2021-03-12 15:02:46,193 INFO o.a.j.JMeter: os.version=5.8.0-41-generic
2021-03-12 15:02:46,193 INFO o.a.j.JMeter: file.encoding=UTF-8
2021-03-12 15:02:46,193 INFO o.a.j.JMeter: java.awt.headless=null
2021-03-12 15:02:46,193 INFO o.a.j.JMeter: Max memory     =1073741824
2021-03-12 15:02:46,193 INFO o.a.j.JMeter: Available Processors =2
2021-03-12 15:02:46,201 INFO o.a.j.JMeter: Default Locale=English (EN)
2021-03-12 15:02:46,201 INFO o.a.j.JMeter: JMeter  Locale=English (EN)
2021-03-12 15:02:46,201 INFO o.a.j.JMeter: JMeterHome=/opt/apache-jmeter-5.4.1
2021-03-12 15:02:46,201 INFO o.a.j.JMeter: user.dir  =/home/toddb/spring-petclinic/k8s
2021-03-12 15:02:46,202 INFO o.a.j.JMeter: PWD       =/home/toddb/spring-petclinic/k8s
2021-03-12 15:02:46,202 INFO o.a.j.JMeter: IP: 127.0.1.1 Name: INS-CS-09 FullName: INS-CS-09.livefire.lab
2021-03-12 15:02:46,464 INFO o.a.j.JMeter: Setting LAF to: com.github.weisj.darklaf.DarkLaf:com.github.weisj.darklaf.theme.DarculaTheme
2021-03-12 15:02:47,002 INFO o.a.j.JMeter: Loaded icon properties from org/apache/jmeter/images/icon.properties
2021-03-12 15:02:49,056 INFO o.j.r.JARSourceHTTP: Found cached repo
2021-03-12 15:02:49,312 INFO o.j.r.PluginManager: Plugins Status: [jpgc-casutg=2.9, jpgc-plugins-manager=1.6, jmeter-core=5.4.1, jmeter-ftp=5.4.1, jmeter-http=5.4.1, jmeter-jdbc=5.4.1, jmeter-jms=5.4.1, jmeter-junit=5.4.1, jmeter-java=5.4.1, jmeter-ldap=5.4.1, jmeter-mail=5.4.1, jmeter-mongodb=5.4.1, jmeter-native=5.4.1, jmeter-tcp=5.4.1, jmeter-components=5.4.1]
2021-03-12 15:02:49,431 INFO o.a.j.JMeter: Loading file: ./jmeter/petclinic_test_plan.jmx
2021-03-12 15:02:49,444 INFO o.a.j.s.FileServer: Default base='/home/toddb/spring-petclinic/k8s'
2021-03-12 15:02:49,450 INFO o.a.j.s.FileServer: Set new base='/home/toddb/spring-petclinic/k8s/./jmeter'
2021-03-12 15:02:49,876 INFO o.a.j.s.SaveService: Testplan (JMX) version: 2.2. Testlog (JTL) version: 2.2
2021-03-12 15:02:49,904 INFO o.a.j.s.SaveService: Using SaveService properties version 5.0
2021-03-12 15:02:49,908 INFO o.a.j.s.SaveService: Using SaveService properties file encoding UTF-8
2021-03-12 15:02:49,910 INFO o.a.j.s.SaveService: Loading file: ./jmeter/petclinic_test_plan.jmx
2021-03-12 15:02:49,913 WARN o.j.r.p.TestPlanAnalyzer: Failed read jmx file
java.io.FileNotFoundException: ./jmeter/petclinic_test_plan.jmx (No such file or directory)
	at java.io.FileInputStream.open0(Native Method) ~[?:?]
	at java.io.FileInputStream.open(FileInputStream.java:219) ~[?:?]
	at java.io.FileInputStream.<init>(FileInputStream.java:157) ~[?:?]
	at org.jmeterplugins.repository.plugins.TestPlanAnalyzer.readBytesFromFile(TestPlanAnalyzer.java:67) [jmeter-plugins-manager-1.6.jar:?]
	at org.jmeterplugins.repository.plugins.TestPlanAnalyzer.getNodeListWithClassNames(TestPlanAnalyzer.java:105) [jmeter-plugins-manager-1.6.jar:?]
	at org.jmeterplugins.repository.plugins.TestPlanAnalyzer.analyze(TestPlanAnalyzer.java:36) [jmeter-plugins-manager-1.6.jar:?]
	at org.jmeterplugins.repository.plugins.PluginSuggester.analyzeTestPlan(PluginSuggester.java:51) [jmeter-plugins-manager-1.6.jar:?]
	at org.jmeterplugins.repository.plugins.PluginSuggester.findPluginsToInstall(PluginSuggester.java:44) [jmeter-plugins-manager-1.6.jar:?]
	at org.jmeterplugins.repository.plugins.PluginSuggester.checkAndSuggest(PluginSuggester.java:28) [jmeter-plugins-manager-1.6.jar:?]
	at org.jmeterplugins.repository.logging.LoggerAppender.append(LoggerAppender.java:33) [jmeter-plugins-manager-1.6.jar:?]
	at org.apache.logging.log4j.core.config.AppenderControl.tryCallAppender(AppenderControl.java:156) [log4j-core-2.13.3.jar:2.13.3]
	at org.apache.logging.log4j.core.config.AppenderControl.callAppender0(AppenderControl.java:129) [log4j-core-2.13.3.jar:2.13.3]
	at org.apache.logging.log4j.core.config.AppenderControl.callAppenderPreventRecursion(AppenderControl.java:120) [log4j-core-2.13.3.jar:2.13.3]
	at org.apache.logging.log4j.core.config.AppenderControl.callAppender(AppenderControl.java:84) [log4j-core-2.13.3.jar:2.13.3]
	at org.apache.logging.log4j.core.config.LoggerConfig.callAppenders(LoggerConfig.java:543) [log4j-core-2.13.3.jar:2.13.3]
	at org.apache.logging.log4j.core.config.LoggerConfig.processLogEvent(LoggerConfig.java:502) [log4j-core-2.13.3.jar:2.13.3]
	at org.apache.logging.log4j.core.config.LoggerConfig.log(LoggerConfig.java:485) [log4j-core-2.13.3.jar:2.13.3]
	at org.apache.logging.log4j.core.config.LoggerConfig.log(LoggerConfig.java:460) [log4j-core-2.13.3.jar:2.13.3]
	at org.apache.logging.log4j.core.config.AwaitCompletionReliabilityStrategy.log(AwaitCompletionReliabilityStrategy.java:82) [log4j-core-2.13.3.jar:2.13.3]
	at org.apache.logging.log4j.core.Logger.log(Logger.java:161) [log4j-core-2.13.3.jar:2.13.3]
	at org.apache.logging.log4j.spi.AbstractLogger.tryLogMessage(AbstractLogger.java:2198) [log4j-api-2.13.3.jar:2.13.3]
	at org.apache.logging.log4j.spi.AbstractLogger.logMessageTrackRecursion(AbstractLogger.java:2152) [log4j-api-2.13.3.jar:2.13.3]
	at org.apache.logging.log4j.spi.AbstractLogger.logMessageSafely(AbstractLogger.java:2135) [log4j-api-2.13.3.jar:2.13.3]
	at org.apache.logging.log4j.spi.AbstractLogger.logMessage(AbstractLogger.java:2028) [log4j-api-2.13.3.jar:2.13.3]
	at org.apache.logging.log4j.spi.AbstractLogger.logIfEnabled(AbstractLogger.java:1899) [log4j-api-2.13.3.jar:2.13.3]
	at org.apache.logging.slf4j.Log4jLogger.info(Log4jLogger.java:184) [log4j-slf4j-impl-2.13.3.jar:2.13.3]
	at org.apache.jmeter.save.SaveService.loadTree(SaveService.java:428) [ApacheJMeter_core.jar:5.4.1]
	at org.apache.jmeter.JMeter.startGui(JMeter.java:423) [ApacheJMeter_core.jar:5.4.1]
	at org.apache.jmeter.JMeter.start(JMeter.java:560) [ApacheJMeter_core.jar:5.4.1]
	at jdk.internal.reflect.NativeMethodAccessorImpl.invoke0(Native Method) ~[?:?]
	at jdk.internal.reflect.NativeMethodAccessorImpl.invoke(NativeMethodAccessorImpl.java:62) ~[?:?]
	at jdk.internal.reflect.DelegatingMethodAccessorImpl.invoke(DelegatingMethodAccessorImpl.java:43) ~[?:?]
	at java.lang.reflect.Method.invoke(Method.java:566) ~[?:?]
	at org.apache.jmeter.NewDriver.main(NewDriver.java:254) [ApacheJMeter.jar:5.4.1]
2021-03-12 15:02:49,941 WARN o.j.r.p.TestPlanAnalyzer: Cannot parse file: ./jmeter/petclinic_test_plan.jmx
org.xml.sax.SAXParseException: Premature end of file.
	at org.apache.xerces.parsers.DOMParser.parse(Unknown Source) ~[xercesImpl-2.12.0.jar:?]
	at org.apache.xerces.jaxp.DocumentBuilderImpl.parse(Unknown Source) ~[xercesImpl-2.12.0.jar:?]
	at javax.xml.parsers.DocumentBuilder.parse(DocumentBuilder.java:122) ~[?:?]
	at org.jmeterplugins.repository.plugins.TestPlanAnalyzer.getNodeListWithClassNames(TestPlanAnalyzer.java:106) [jmeter-plugins-manager-1.6.jar:?]
	at org.jmeterplugins.repository.plugins.TestPlanAnalyzer.analyze(TestPlanAnalyzer.java:36) [jmeter-plugins-manager-1.6.jar:?]
	at org.jmeterplugins.repository.plugins.PluginSuggester.analyzeTestPlan(PluginSuggester.java:51) [jmeter-plugins-manager-1.6.jar:?]
	at org.jmeterplugins.repository.plugins.PluginSuggester.findPluginsToInstall(PluginSuggester.java:44) [jmeter-plugins-manager-1.6.jar:?]
	at org.jmeterplugins.repository.plugins.PluginSuggester.checkAndSuggest(PluginSuggester.java:28) [jmeter-plugins-manager-1.6.jar:?]
	at org.jmeterplugins.repository.logging.LoggerAppender.append(LoggerAppender.java:33) [jmeter-plugins-manager-1.6.jar:?]
	at org.apache.logging.log4j.core.config.AppenderControl.tryCallAppender(AppenderControl.java:156) [log4j-core-2.13.3.jar:2.13.3]
	at org.apache.logging.log4j.core.config.AppenderControl.callAppender0(AppenderControl.java:129) [log4j-core-2.13.3.jar:2.13.3]
	at org.apache.logging.log4j.core.config.AppenderControl.callAppenderPreventRecursion(AppenderControl.java:120) [log4j-core-2.13.3.jar:2.13.3]
	at org.apache.logging.log4j.core.config.AppenderControl.callAppender(AppenderControl.java:84) [log4j-core-2.13.3.jar:2.13.3]
	at org.apache.logging.log4j.core.config.LoggerConfig.callAppenders(LoggerConfig.java:543) [log4j-core-2.13.3.jar:2.13.3]
	at org.apache.logging.log4j.core.config.LoggerConfig.processLogEvent(LoggerConfig.java:502) [log4j-core-2.13.3.jar:2.13.3]
	at org.apache.logging.log4j.core.config.LoggerConfig.log(LoggerConfig.java:485) [log4j-core-2.13.3.jar:2.13.3]
	at org.apache.logging.log4j.core.config.LoggerConfig.log(LoggerConfig.java:460) [log4j-core-2.13.3.jar:2.13.3]
	at org.apache.logging.log4j.core.config.AwaitCompletionReliabilityStrategy.log(AwaitCompletionReliabilityStrategy.java:82) [log4j-core-2.13.3.jar:2.13.3]
	at org.apache.logging.log4j.core.Logger.log(Logger.java:161) [log4j-core-2.13.3.jar:2.13.3]
	at org.apache.logging.log4j.spi.AbstractLogger.tryLogMessage(AbstractLogger.java:2198) [log4j-api-2.13.3.jar:2.13.3]
	at org.apache.logging.log4j.spi.AbstractLogger.logMessageTrackRecursion(AbstractLogger.java:2152) [log4j-api-2.13.3.jar:2.13.3]
	at org.apache.logging.log4j.spi.AbstractLogger.logMessageSafely(AbstractLogger.java:2135) [log4j-api-2.13.3.jar:2.13.3]
	at org.apache.logging.log4j.spi.AbstractLogger.logMessage(AbstractLogger.java:2028) [log4j-api-2.13.3.jar:2.13.3]
	at org.apache.logging.log4j.spi.AbstractLogger.logIfEnabled(AbstractLogger.java:1899) [log4j-api-2.13.3.jar:2.13.3]
	at org.apache.logging.slf4j.Log4jLogger.info(Log4jLogger.java:184) [log4j-slf4j-impl-2.13.3.jar:2.13.3]
	at org.apache.jmeter.save.SaveService.loadTree(SaveService.java:428) [ApacheJMeter_core.jar:5.4.1]
	at org.apache.jmeter.JMeter.startGui(JMeter.java:423) [ApacheJMeter_core.jar:5.4.1]
	at org.apache.jmeter.JMeter.start(JMeter.java:560) [ApacheJMeter_core.jar:5.4.1]
	at jdk.internal.reflect.NativeMethodAccessorImpl.invoke0(Native Method) ~[?:?]
	at jdk.internal.reflect.NativeMethodAccessorImpl.invoke(NativeMethodAccessorImpl.java:62) ~[?:?]
	at jdk.internal.reflect.DelegatingMethodAccessorImpl.invoke(DelegatingMethodAccessorImpl.java:43) ~[?:?]
	at java.lang.reflect.Method.invoke(Method.java:566) ~[?:?]
	at org.apache.jmeter.NewDriver.main(NewDriver.java:254) [ApacheJMeter.jar:5.4.1]
2021-03-12 15:02:49,942 ERROR o.a.j.JMeter: Failure loading test file
java.io.FileNotFoundException: ./jmeter/petclinic_test_plan.jmx (No such file or directory)
	at java.io.FileInputStream.open0(Native Method) ~[?:?]
	at java.io.FileInputStream.open(FileInputStream.java:219) ~[?:?]
	at java.io.FileInputStream.<init>(FileInputStream.java:157) ~[?:?]
	at org.apache.jmeter.save.SaveService.loadTree(SaveService.java:429) ~[ApacheJMeter_core.jar:5.4.1]
	at org.apache.jmeter.JMeter.startGui(JMeter.java:423) [ApacheJMeter_core.jar:5.4.1]
	at org.apache.jmeter.JMeter.start(JMeter.java:560) [ApacheJMeter_core.jar:5.4.1]
	at jdk.internal.reflect.NativeMethodAccessorImpl.invoke0(Native Method) ~[?:?]
	at jdk.internal.reflect.NativeMethodAccessorImpl.invoke(NativeMethodAccessorImpl.java:62) ~[?:?]
	at jdk.internal.reflect.DelegatingMethodAccessorImpl.invoke(DelegatingMethodAccessorImpl.java:43) ~[?:?]
	at java.lang.reflect.Method.invoke(Method.java:566) ~[?:?]
	at org.apache.jmeter.NewDriver.main(NewDriver.java:254) [ApacheJMeter.jar:5.4.1]
2021-03-12 15:02:49,943 ERROR o.a.j.u.JMeterUtils: java.io.FileNotFoundException: ./jmeter/petclinic_test_plan.jmx (No such file or directory)
